2017-09-13 15:16:45.818  INFO 7444 --- [main] com.studentapp.StudentCrudApplication    : Starting StudentCrudApplication on DESKTOP-U3ARHPC with PID 7444 (C:\Users\voore\Desktop\NextGear_App\studentapp\target\classes started by voore in C:\Users\voore\Desktop\NextGear_App\studentapp)
2017-09-13 15:16:45.857  INFO 7444 --- [main] com.studentapp.StudentCrudApplication    : No active profile set, falling back to default profiles: default
2017-09-13 15:16:46.128  INFO 7444 --- [main] ationConfigEmbeddedWebApplicationContext : Refreshing org.springframework.boot.context.embedded.AnnotationConfigEmbeddedWebApplicationContext@2f177a4b: startup date [Wed Sep 13 15:16:46 CDT 2017]; root of context hierarchy
2017-09-13 15:16:50.868  INFO 7444 --- [main] s.b.c.e.t.TomcatEmbeddedServletContainer : Tomcat initialized with port(s): 8080 (http)
2017-09-13 15:16:51.091  INFO 7444 --- [main] o.apache.catalina.core.StandardService   : Starting service [Tomcat]
2017-09-13 15:16:51.096  INFO 7444 --- [main] org.apache.catalina.core.StandardEngine  : Starting Servlet Engine: Apache Tomcat/8.5.16
2017-09-13 15:16:52.267  INFO 7444 --- [localhost-startStop-1] o.a.c.c.C.[Tomcat].[localhost].[/]       : Initializing Spring embedded WebApplicationContext
2017-09-13 15:16:52.267  INFO 7444 --- [localhost-startStop-1] o.s.web.context.ContextLoader            : Root WebApplicationContext: initialization completed in 6241 ms
2017-09-13 15:16:52.507  INFO 7444 --- [localhost-startStop-1] o.s.b.w.servlet.ServletRegistrationBean  : Mapping servlet: 'dispatcherServlet' to [/]
2017-09-13 15:16:52.519  INFO 7444 --- [localhost-startStop-1] o.s.b.w.servlet.FilterRegistrationBean   : Mapping filter: 'characterEncodingFilter' to: [/*]
2017-09-13 15:16:52.525  INFO 7444 --- [localhost-startStop-1] o.s.b.w.servlet.FilterRegistrationBean   : Mapping filter: 'hiddenHttpMethodFilter' to: [/*]
2017-09-13 15:16:52.526  INFO 7444 --- [localhost-startStop-1] o.s.b.w.servlet.FilterRegistrationBean   : Mapping filter: 'httpPutFormContentFilter' to: [/*]
2017-09-13 15:16:52.527  INFO 7444 --- [localhost-startStop-1] o.s.b.w.servlet.FilterRegistrationBean   : Mapping filter: 'requestContextFilter' to: [/*]
2017-09-13 15:16:54.041  INFO 7444 --- [main] j.LocalContainerEntityManagerFactoryBean : Building JPA container EntityManagerFactory for persistence unit 'default'
2017-09-13 15:16:54.072  INFO 7444 --- [main] o.hibernate.jpa.internal.util.LogHelper  : HHH000204: Processing PersistenceUnitInfo [
	name: default
	...]
2017-09-13 15:16:54.461  INFO 7444 --- [main] org.hibernate.Version                    : HHH000412: Hibernate Core {5.0.12.Final}
2017-09-13 15:16:54.469  INFO 7444 --- [main] org.hibernate.cfg.Environment            : HHH000206: hibernate.properties not found
2017-09-13 15:16:54.471  INFO 7444 --- [main] org.hibernate.cfg.Environment            : HHH000021: Bytecode provider name : javassist
2017-09-13 15:16:54.878  INFO 7444 --- [main] o.hibernate.annotations.common.Version   : HCANN000001: Hibernate Commons Annotations {5.0.1.Final}
2017-09-13 15:16:55.397  INFO 7444 --- [main] org.hibernate.dialect.Dialect            : HHH000400: Using dialect: org.hibernate.dialect.H2Dialect
2017-09-13 15:16:57.392  INFO 7444 --- [main] org.hibernate.tool.hbm2ddl.SchemaUpdate  : HHH000228: Running hbm2ddl schema update
2017-09-13 15:16:57.425  INFO 7444 --- [main] rmationExtractorJdbcDatabaseMetaDataImpl : HHH000262: Table not found: Student
2017-09-13 15:16:57.432  INFO 7444 --- [main] rmationExtractorJdbcDatabaseMetaDataImpl : HHH000262: Table not found: Student
2017-09-13 15:16:57.527  INFO 7444 --- [main] j.LocalContainerEntityManagerFactoryBean : Initialized JPA EntityManagerFactory for persistence unit 'default'
2017-09-13 15:16:58.517  INFO 7444 --- [main] s.w.s.m.m.a.RequestMappingHandlerAdapter : Looking for @ControllerAdvice: org.springframework.boot.context.embedded.AnnotationConfigEmbeddedWebApplicationContext@2f177a4b: startup date [Wed Sep 13 15:16:46 CDT 2017]; root of context hierarchy
2017-09-13 15:16:58.644  INFO 7444 --- [main] s.w.s.m.m.a.RequestMappingHandlerMapping : Mapped "{[/students],methods=[PUT]}" onto public com.studentapp.model.Student com.studentapp.controller.StudentController.update(com.studentapp.model.Student) throws java.lang.Exception
2017-09-13 15:16:58.652  INFO 7444 --- [main] s.w.s.m.m.a.RequestMappingHandlerMapping : Mapped "{[/students/{id}],methods=[DELETE]}" onto public org.springframework.http.ResponseEntity<org.springframework.http.HttpStatus> com.studentapp.controller.StudentController.delete(java.lang.Long) throws java.lang.Exception
2017-09-13 15:16:58.657  INFO 7444 --- [main] s.w.s.m.m.a.RequestMappingHandlerMapping : Mapped "{[/students],methods=[POST]}" onto public org.springframework.http.ResponseEntity<com.studentapp.model.Student> com.studentapp.controller.StudentController.create(com.studentapp.model.Student) throws java.lang.Exception
2017-09-13 15:16:58.662  INFO 7444 --- [main] s.w.s.m.m.a.RequestMappingHandlerMapping : Mapped "{[/students],methods=[GET]}" onto public java.util.List<com.studentapp.model.Student> com.studentapp.controller.StudentController.getAll() throws java.lang.Exception
2017-09-13 15:16:58.662  INFO 7444 --- [main] s.w.s.m.m.a.RequestMappingHandlerMapping : Mapped "{[/students/{id}],methods=[GET]}" onto public com.studentapp.model.Student com.studentapp.controller.StudentController.getById(java.lang.Long) throws java.lang.Exception
2017-09-13 15:16:58.664  INFO 7444 --- [main] s.w.s.m.m.a.RequestMappingHandlerMapping : Mapped "{[/error]}" onto public org.springframework.http.ResponseEntity<java.util.Map<java.lang.String, java.lang.Object>> org.springframework.boot.autoconfigure.web.BasicErrorController.error(javax.servlet.http.HttpServletRequest)
2017-09-13 15:16:58.664  INFO 7444 --- [main] s.w.s.m.m.a.RequestMappingHandlerMapping : Mapped "{[/error],produces=[text/html]}" onto public org.springframework.web.servlet.ModelAndView org.springframework.boot.autoconfigure.web.BasicErrorController.errorHtml(javax.servlet.http.HttpServletRequest,javax.servlet.http.HttpServletResponse)
2017-09-13 15:16:58.707  INFO 7444 --- [main] o.s.w.s.handler.SimpleUrlHandlerMapping  : Mapped URL path [/webjars/**] onto handler of type [class org.springframework.web.servlet.resource.ResourceHttpRequestHandler]
2017-09-13 15:16:58.707  INFO 7444 --- [main] o.s.w.s.handler.SimpleUrlHandlerMapping  : Mapped URL path [/**] onto handler of type [class org.springframework.web.servlet.resource.ResourceHttpRequestHandler]
2017-09-13 15:16:58.762  INFO 7444 --- [main] .m.m.a.ExceptionHandlerExceptionResolver : Detected @ExceptionHandler methods in exceptionHandlingAdvice
2017-09-13 15:16:58.788  INFO 7444 --- [main] o.s.w.s.handler.SimpleUrlHandlerMapping  : Mapped URL path [/**/favicon.ico] onto handler of type [class org.springframework.web.servlet.resource.ResourceHttpRequestHandler]
2017-09-13 15:16:59.234  INFO 7444 --- [main] o.s.j.e.a.AnnotationMBeanExporter        : Registering beans for JMX exposure on startup
2017-09-13 15:16:59.818  INFO 7444 --- [main] s.b.c.e.t.TomcatEmbeddedServletContainer : Tomcat started on port(s): 8080 (http)
2017-09-13 15:16:59.914  INFO 7444 --- [main] com.studentapp.StudentCrudApplication    : Started StudentCrudApplication in 15.426 seconds (JVM running for 22.581)
2017-09-13 15:21:44.080  INFO 7444 --- [http-nio-8080-exec-1] o.a.c.c.C.[Tomcat].[localhost].[/]       : Initializing Spring FrameworkServlet 'dispatcherServlet'
2017-09-13 15:21:44.087  INFO 7444 --- [http-nio-8080-exec-1] o.s.web.servlet.DispatcherServlet        : FrameworkServlet 'dispatcherServlet': initialization started
2017-09-13 15:21:44.133  INFO 7444 --- [http-nio-8080-exec-1] o.s.web.servlet.DispatcherServlet        : FrameworkServlet 'dispatcherServlet': initialization completed in 46 ms
2017-09-13 15:21:45.503  INFO 7444 --- [http-nio-8080-exec-1] o.h.h.i.QueryTranslatorFactoryInitiator  : HHH000397: Using ASTQueryTranslatorFactory
2017-09-13 15:21:46.417 DEBUG 7444 --- [http-nio-8080-exec-1] org.hibernate.SQL                        : 
    /* select
        generatedAlias0 
    from
        Student as generatedAlias0 */ select
            student0_.id as id1_0_,
            student0_.firstName as firstNam2_0_,
            student0_.lastName as lastName3_0_ 
        from
            Student student0_
2017-09-13 15:22:07.745 DEBUG 7444 --- [http-nio-8080-exec-4] org.hibernate.SQL                        : 
    /* insert com.studentapp.model.Student
        */ insert 
        into
            Student
            (id, firstName, lastName) 
        values
            (null, ?, ?)
2017-09-13 15:22:07.785 TRACE 7444 --- [http-nio-8080-exec-4] o.h.type.descriptor.sql.BasicBinder      : binding parameter [1] as [VARCHAR] - [karthik]
2017-09-13 15:22:07.785 TRACE 7444 --- [http-nio-8080-exec-4] o.h.type.descriptor.sql.BasicBinder      : binding parameter [2] as [VARCHAR] - [voore]
2017-09-13 15:22:07.857 DEBUG 7444 --- [http-nio-8080-exec-5] org.hibernate.SQL                        : 
    /* select
        generatedAlias0 
    from
        Student as generatedAlias0 */ select
            student0_.id as id1_0_,
            student0_.firstName as firstNam2_0_,
            student0_.lastName as lastName3_0_ 
        from
            Student student0_
2017-09-13 15:22:25.814 DEBUG 7444 --- [http-nio-8080-exec-7] org.hibernate.SQL                        : 
    /* insert com.studentapp.model.Student
        */ insert 
        into
            Student
            (id, firstName, lastName) 
        values
            (null, ?, ?)
2017-09-13 15:22:25.820 TRACE 7444 --- [http-nio-8080-exec-7] o.h.type.descriptor.sql.BasicBinder      : binding parameter [1] as [VARCHAR] - [john]
2017-09-13 15:22:25.827 TRACE 7444 --- [http-nio-8080-exec-7] o.h.type.descriptor.sql.BasicBinder      : binding parameter [2] as [VARCHAR] - [doe]
2017-09-13 15:22:25.839 DEBUG 7444 --- [http-nio-8080-exec-8] org.hibernate.SQL                        : 
    /* select
        generatedAlias0 
    from
        Student as generatedAlias0 */ select
            student0_.id as id1_0_,
            student0_.firstName as firstNam2_0_,
            student0_.lastName as lastName3_0_ 
        from
            Student student0_
2017-09-13 15:22:59.586 DEBUG 7444 --- [http-nio-8080-exec-1] org.hibernate.SQL                        : 
    select
        student0_.id as id1_0_0_,
        student0_.firstName as firstNam2_0_0_,
        student0_.lastName as lastName3_0_0_ 
    from
        Student student0_ 
    where
        student0_.id=?
2017-09-13 15:22:59.595 TRACE 7444 --- [http-nio-8080-exec-1] o.h.type.descriptor.sql.BasicBinder      : binding parameter [1] as [BIGINT] - [1]
2017-09-13 15:22:59.682 DEBUG 7444 --- [http-nio-8080-exec-1] org.hibernate.SQL                        : 
    /* update
        com.studentapp.model.Student */ update
            Student 
        set
            firstName=?,
            lastName=? 
        where
            id=?
2017-09-13 15:22:59.684 TRACE 7444 --- [http-nio-8080-exec-1] o.h.type.descriptor.sql.BasicBinder      : binding parameter [1] as [VARCHAR] - [karthik]
2017-09-13 15:22:59.692 TRACE 7444 --- [http-nio-8080-exec-1] o.h.type.descriptor.sql.BasicBinder      : binding parameter [2] as [VARCHAR] - [v]
2017-09-13 15:22:59.692 TRACE 7444 --- [http-nio-8080-exec-1] o.h.type.descriptor.sql.BasicBinder      : binding parameter [3] as [BIGINT] - [1]
2017-09-13 15:22:59.709 DEBUG 7444 --- [http-nio-8080-exec-2] org.hibernate.SQL                        : 
    /* select
        generatedAlias0 
    from
        Student as generatedAlias0 */ select
            student0_.id as id1_0_,
            student0_.firstName as firstNam2_0_,
            student0_.lastName as lastName3_0_ 
        from
            Student student0_
2017-09-13 15:23:05.345 DEBUG 7444 --- [http-nio-8080-exec-5] org.hibernate.SQL                        : 
    select
        student0_.id as id1_0_0_,
        student0_.firstName as firstNam2_0_0_,
        student0_.lastName as lastName3_0_0_ 
    from
        Student student0_ 
    where
        student0_.id=?
2017-09-13 15:23:05.351 TRACE 7444 --- [http-nio-8080-exec-5] o.h.type.descriptor.sql.BasicBinder      : binding parameter [1] as [BIGINT] - [1]
2017-09-13 15:23:05.379 DEBUG 7444 --- [http-nio-8080-exec-5] org.hibernate.SQL                        : 
    /* delete com.studentapp.model.Student */ delete 
        from
            Student 
        where
            id=?
2017-09-13 15:23:05.379 TRACE 7444 --- [http-nio-8080-exec-5] o.h.type.descriptor.sql.BasicBinder      : binding parameter [1] as [BIGINT] - [1]
2017-09-13 15:23:05.393 DEBUG 7444 --- [http-nio-8080-exec-6] org.hibernate.SQL                        : 
    /* select
        generatedAlias0 
    from
        Student as generatedAlias0 */ select
            student0_.id as id1_0_,
            student0_.firstName as firstNam2_0_,
            student0_.lastName as lastName3_0_ 
        from
            Student student0_
2017-09-13 15:26:19.450 DEBUG 7444 --- [http-nio-8080-exec-8] org.hibernate.SQL                        : 
    /* select
        generatedAlias0 
    from
        Student as generatedAlias0 */ select
            student0_.id as id1_0_,
            student0_.firstName as firstNam2_0_,
            student0_.lastName as lastName3_0_ 
        from
            Student student0_
2017-09-13 15:30:42.013 DEBUG 7444 --- [http-nio-8080-exec-10] org.hibernate.SQL                        : 
    /* insert com.studentapp.model.Student
        */ insert 
        into
            Student
            (id, firstName, lastName) 
        values
            (null, ?, ?)
2017-09-13 15:30:42.021 TRACE 7444 --- [http-nio-8080-exec-10] o.h.type.descriptor.sql.BasicBinder      : binding parameter [1] as [VARCHAR] - [james]
2017-09-13 15:30:42.021 TRACE 7444 --- [http-nio-8080-exec-10] o.h.type.descriptor.sql.BasicBinder      : binding parameter [2] as [VARCHAR] - [faulkner]
2017-09-13 15:30:42.059 DEBUG 7444 --- [http-nio-8080-exec-1] org.hibernate.SQL                        : 
    /* select
        generatedAlias0 
    from
        Student as generatedAlias0 */ select
            student0_.id as id1_0_,
            student0_.firstName as firstNam2_0_,
            student0_.lastName as lastName3_0_ 
        from
            Student student0_
